{"level":"info","message":"Server is listening on port 3000"}
[warn - Server is listening on port 3000]
2022-12-18T04:04:49.478Z : [warn - Server is listening on port 3000]
2022-12-23T04:13:58.496Z : [warn - please provide day/month/year in parameter]
2022-12-23T04:14:07.640Z : [warn - please provide day/month/year in parameter]
2022-12-23T04:14:10.331Z : [warn - please provide day/month/year in parameter]
2022-12-23T04:14:14.492Z : [warn - please provide day/month/year in parameter]
2022-12-23T04:15:09.030Z : [warn - please provide day/month/year in parameter]
2022-12-23T04:17:08.315Z : [warn - please provide day/month/year in parameter]
2022-12-23T04:17:51.102Z : [warn - please provide day/month/year in parameter]
2022-12-23T04:18:33.764Z : [warn - ER_PARSE_ERROR: You have an error in your SQL syntax; check the manual that corresponds to your MariaDB server version for the right syntax to use near 'WHERE YEAR(created_at) = NULL AND MONTH(created_at) = NULL AND DAY(created_at...' at line 1]
2022-12-23T04:19:26.551Z : [warn - ER_PARSE_ERROR: You have an error in your SQL syntax; check the manual that corresponds to your MariaDB server version for the right syntax to use near 'WHERE YEAR(created_at) = NULL AND MONTH(created_at) = NULL AND DAY(created_at...' at line 1]
2022-12-23T04:19:47.164Z : [warn - ER_PARSE_ERROR: You have an error in your SQL syntax; check the manual that corresponds to your MariaDB server version for the right syntax to use near 'WHERE YEAR(created_at) = NULL AND MONTH(created_at) = NULL AND DAY(created_at...' at line 1]
2022-12-23T04:25:51.661Z : [warn - ER_PARSE_ERROR: You have an error in your SQL syntax; check the manual that corresponds to your MariaDB server version for the right syntax to use near 'WHERE YEAR(created_at) =2022 AND MONTH(created_at) = 12' at line 1]
2022-12-23T04:27:36.383Z : [warn - ER_PARSE_ERROR: You have an error in your SQL syntax; check the manual that corresponds to your MariaDB server version for the right syntax to use near 'from watering_monitoring.watering_sessions WHERE YEAR(created_at) =2022 group...' at line 1]
2022-12-23T05:23:23.910Z : [warn - ER_BAD_FIELD_ERROR: Unknown column 'undefined' in 'where clause']
2022-12-23T06:28:45.192Z : [warn - ER_BAD_FIELD_ERROR: Unknown column 'undefined' in 'where clause']
2022-12-23T06:30:34.295Z : [warn - ER_BAD_FIELD_ERROR: Unknown column 'undefined' in 'where clause']
2024-03-13T17:22:48.493Z : [warn - ER_BAD_NULL_ERROR: Column 'reservoir_start' cannot be null]
2024-03-15T17:48:32.490Z : [warn - ER_PARSE_ERROR: You have an error in your SQL syntax; check the manual that corresponds to your MySQL server version for the right syntax to use near 'driver_id ='NABIL' AND MONTH(created_at) = 3 AND DAY(created_at) = 14' at line 1]
2024-03-15T17:49:03.719Z : [warn - ER_PARSE_ERROR: You have an error in your SQL syntax; check the manual that corresponds to your MySQL server version for the right syntax to use near 'driver_id ='Nabil' AND MONTH(created_at) = 3 AND DAY(created_at) = 14' at line 1]
2024-03-15T17:49:21.080Z : [warn - ER_PARSE_ERROR: You have an error in your SQL syntax; check the manual that corresponds to your MySQL server version for the right syntax to use near 'driver_id ='NABIL' AND MONTH(created_at) = 3 AND DAY(created_at) = 14' at line 1]
